# JRE version: OpenJDK Runtime Environment (Zulu 8.48.0.53-CA-win64) (8.0_265-b11) (build 1.8.0_265-b11)
# Java VM: OpenJDK 64-Bit Server VM (25.265-b11 mixed mode windows-amd64 compressed oops)
Heap:
 PSYoungGen      total 146432K, used 120961K [0x000000076ba00000, 0x0000000775d00000, 0x00000007c0000000)
  eden space 126976K, 95% used [0x000000076ba00000,0x0000000773020450,0x0000000773600000)
  from space 19456K, 0% used [0x0000000774a00000,0x0000000774a00000,0x0000000775d00000)
  to   space 19968K, 0% used [0x0000000773600000,0x0000000773600000,0x0000000774980000)
 ParOldGen       total 173568K, used 39167K [0x00000006c2e00000, 0x00000006cd780000, 0x000000076ba00000)
  object space 173568K, 22% used [0x00000006c2e00000,0x00000006c543ff40,0x00000006cd780000)
 Metaspace       used 21843K, capacity 22156K, committed 22528K, reserved 1069056K
  class space    used 2834K, capacity 2966K, committed 3072K, reserved 1048576K
GC Heap History (10 events):
Event: 28.891 GC heap before
{Heap before GC invocations=34 (full 14):
 PSYoungGen      total 65024K, used 63488K [0x000000076ba00000, 0x0000000771000000, 0x00000007c0000000)
  eden space 63488K, 100% used [0x000000076ba00000,0x000000076f800000,0x000000076f800000)
  from space 1536K, 0% used [0x000000076f800000,0x000000076f800000,0x000000076f980000)
  to   space 12288K, 0% used [0x0000000770400000,0x0000000770400000,0x0000000771000000)
 ParOldGen       total 173568K, used 24750K [0x00000006c2e00000, 0x00000006cd780000, 0x000000076ba00000)
  object space 173568K, 14% used [0x00000006c2e00000,0x00000006c462ba08,0x00000006cd780000)
 Metaspace       used 18162K, capacity 18454K, committed 18816K, reserved 1064960K
  class space    used 2437K, capacity 2571K, committed 2688K, reserved 1048576K
Event: 28.928 GC heap after
Heap after GC invocations=34 (full 14):
 PSYoungGen      total 67072K, used 12287K [0x000000076ba00000, 0x0000000775f00000, 0x00000007c0000000)
  eden space 54784K, 0% used [0x000000076ba00000,0x000000076ba00000,0x000000076ef80000)
  from space 12288K, 99% used [0x0000000770400000,0x0000000770fffdc0,0x0000000771000000)
  to   space 20992K, 0% used [0x000000076ef80000,0x000000076ef80000,0x0000000770400000)
 ParOldGen       total 173568K, used 41162K [0x00000006c2e00000, 0x00000006cd780000, 0x000000076ba00000)
  object space 173568K, 23% used [0x00000006c2e00000,0x00000006c5632bd0,0x00000006cd780000)
 Metaspace       used 18162K, capacity 18454K, committed 18816K, reserved 1064960K
  class space    used 2437K, capacity 2571K, committed 2688K, reserved 1048576K
}
Event: 28.991 GC heap before
{Heap before GC invocations=35 (full 14):
 PSYoungGen      total 67072K, used 17744K [0x000000076ba00000, 0x0000000775f00000, 0x00000007c0000000)
  eden space 54784K, 9% used [0x000000076ba00000,0x000000076bf542d8,0x000000076ef80000)
  from space 12288K, 99% used [0x0000000770400000,0x0000000770fffdc0,0x0000000771000000)
  to   space 20992K, 0% used [0x000000076ef80000,0x000000076ef80000,0x0000000770400000)
 ParOldGen       total 173568K, used 41162K [0x00000006c2e00000, 0x00000006cd780000, 0x000000076ba00000)
  object space 173568K, 23% used [0x00000006c2e00000,0x00000006c5632bd0,0x00000006cd780000)
 Metaspace       used 18162K, capacity 18454K, committed 18816K, reserved 1064960K
  class space    used 2437K, capacity 2571K, committed 2688K, reserved 1048576K
Event: 29.009 GC heap after
Heap after GC invocations=35 (full 14):
 PSYoungGen      total 75776K, used 128K [0x000000076ba00000, 0x0000000775e00000, 0x00000007c0000000)
  eden space 54784K, 0% used [0x000000076ba00000,0x000000076ba00000,0x000000076ef80000)
  from space 20992K, 0% used [0x000000076ef80000,0x000000076efa0000,0x0000000770400000)
  to   space 20480K, 0% used [0x0000000774a00000,0x0000000774a00000,0x0000000775e00000)
 ParOldGen       total 173568K, used 53525K [0x00000006c2e00000, 0x00000006cd780000, 0x000000076ba00000)
  object space 173568K, 30% used [0x00000006c2e00000,0x00000006c6245700,0x00000006cd780000)
 Metaspace       used 18162K, capacity 18454K, committed 18816K, reserved 1064960K
  class space    used 2437K, capacity 2571K, committed 2688K, reserved 1048576K
}
Event: 29.009 GC heap before
{Heap before GC invocations=36 (full 15):
 PSYoungGen      total 75776K, used 128K [0x000000076ba00000, 0x0000000775e00000, 0x00000007c0000000)
  eden space 54784K, 0% used [0x000000076ba00000,0x000000076ba00000,0x000000076ef80000)
  from space 20992K, 0% used [0x000000076ef80000,0x000000076efa0000,0x0000000770400000)
  to   space 20480K, 0% used [0x0000000774a00000,0x0000000774a00000,0x0000000775e00000)
 ParOldGen       total 173568K, used 53525K [0x00000006c2e00000, 0x00000006cd780000, 0x000000076ba00000)
  object space 173568K, 30% used [0x00000006c2e00000,0x00000006c6245700,0x00000006cd780000)
 Metaspace       used 18162K, capacity 18454K, committed 18816K, reserved 1064960K
  class space    used 2437K, capacity 2571K, committed 2688K, reserved 1048576K
Event: 29.170 GC heap after
Heap after GC invocations=36 (full 15):
 PSYoungGen      total 75776K, used 0K [0x000000076ba00000, 0x0000000775e00000, 0x00000007c0000000)
  eden space 54784K, 0% used [0x000000076ba00000,0x000000076ba00000,0x000000076ef80000)
  from space 20992K, 0% used [0x000000076ef80000,0x000000076ef80000,0x0000000770400000)
  to   space 20480K, 0% used [0x0000000774a00000,0x0000000774a00000,0x0000000775e00000)
 ParOldGen       total 173568K, used 39167K [0x00000006c2e00000, 0x00000006cd780000, 0x000000076ba00000)
  object space 173568K, 22% used [0x00000006c2e00000,0x00000006c543ff40,0x00000006cd780000)
 Metaspace       used 18162K, capacity 18454K, committed 18816K, reserved 1064960K
  class space    used 2437K, capacity 2571K, committed 2688K, reserved 1048576K
}
Event: 29.228 GC heap before
{Heap before GC invocations=37 (full 15):
 PSYoungGen      total 75776K, used 6541K [0x000000076ba00000, 0x0000000775e00000, 0x00000007c0000000)
  eden space 54784K, 11% used [0x000000076ba00000,0x000000076c063660,0x000000076ef80000)
  from space 20992K, 0% used [0x000000076ef80000,0x000000076ef80000,0x0000000770400000)
  to   space 20480K, 0% used [0x0000000774a00000,0x0000000774a00000,0x0000000775e00000)
 ParOldGen       total 173568K, used 39167K [0x00000006c2e00000, 0x00000006cd780000, 0x000000076ba00000)
  object space 173568K, 22% used [0x00000006c2e00000,0x00000006c543ff40,0x00000006cd780000)
 Metaspace       used 18162K, capacity 18454K, committed 18816K, reserved 1064960K
  class space    used 2437K, capacity 2571K, committed 2688K, reserved 1048576K
Event: 29.230 GC heap after
Heap after GC invocations=37 (full 15):
 PSYoungGen      total 146432K, used 96K [0x000000076ba00000, 0x0000000775d00000, 0x00000007c0000000)
  eden space 126976K, 0% used [0x000000076ba00000,0x000000076ba00000,0x0000000773600000)
  from space 19456K, 0% used [0x0000000774a00000,0x0000000774a18000,0x0000000775d00000)
  to   space 19968K, 0% used [0x0000000773600000,0x0000000773600000,0x0000000774980000)
 ParOldGen       total 173568K, used 39167K [0x00000006c2e00000, 0x00000006cd780000, 0x000000076ba00000)
  object space 173568K, 22% used [0x00000006c2e00000,0x00000006c543ff40,0x00000006cd780000)
 Metaspace       used 18162K, capacity 18454K, committed 18816K, reserved 1064960K
  class space    used 2437K, capacity 2571K, committed 2688K, reserved 1048576K
}
Event: 29.230 GC heap before
{Heap before GC invocations=38 (full 16):
 PSYoungGen      total 146432K, used 96K [0x000000076ba00000, 0x0000000775d00000, 0x00000007c0000000)
  eden space 126976K, 0% used [0x000000076ba00000,0x000000076ba00000,0x0000000773600000)
  from space 19456K, 0% used [0x0000000774a00000,0x0000000774a18000,0x0000000775d00000)
  to   space 19968K, 0% used [0x0000000773600000,0x0000000773600000,0x0000000774980000)
 ParOldGen       total 173568K, used 39167K [0x00000006c2e00000, 0x00000006cd780000, 0x000000076ba00000)
  object space 173568K, 22% used [0x00000006c2e00000,0x00000006c543ff40,0x00000006cd780000)
 Metaspace       used 18162K, capacity 18454K, committed 18816K, reserved 1064960K
  class space    used 2437K, capacity 2571K, committed 2688K, reserved 1048576K
Event: 29.297 GC heap after
Heap after GC invocations=38 (full 16):
 PSYoungGen      total 146432K, used 0K [0x000000076ba00000, 0x0000000775d00000, 0x00000007c0000000)
  eden space 126976K, 0% used [0x000000076ba00000,0x000000076ba00000,0x0000000773600000)
  from space 19456K, 0% used [0x0000000774a00000,0x0000000774a00000,0x0000000775d00000)
  to   space 19968K, 0% used [0x0000000773600000,0x0000000773600000,0x0000000774980000)
 ParOldGen       total 173568K, used 39167K [0x00000006c2e00000, 0x00000006cd780000, 0x000000076ba00000)
  object space 173568K, 22% used [0x00000006c2e00000,0x00000006c543ff40,0x00000006cd780000)
 Metaspace       used 18162K, capacity 18454K, committed 18816K, reserved 1064960K
  class space    used 2437K, capacity 2571K, committed 2688K, reserved 1048576K
}

